[2023-04-25T10:31:04.729] [ERROR] cheese - GET 401 /api/v1/login?name=ssdf&pwd=sdfsfs AuthFailed [Error]: 未登录
    at E:\Study\mini-program\BeepoWang\back-end-service\src\routers\v1\common.ts:14:11
    at dispatch (E:\Study\mini-program\BeepoWang\node_modules\.pnpm\koa-compose@4.1.0\node_modules\koa-compose\index.js:42:32)
    at E:\Study\mini-program\BeepoWang\node_modules\.pnpm\koa-router@12.0.0\node_modules\koa-router\lib\router.js:425:16
    at dispatch (E:\Study\mini-program\BeepoWang\node_modules\.pnpm\koa-compose@4.1.0\node_modules\koa-compose\index.js:42:32)
    at E:\Study\mini-program\BeepoWang\node_modules\.pnpm\koa-compose@4.1.0\node_modules\koa-compose\index.js:34:12
    at dispatch (E:\Study\mini-program\BeepoWang\node_modules\.pnpm\koa-router@12.0.0\node_modules\koa-router\lib\router.js:430:31)
    at dispatch (E:\Study\mini-program\BeepoWang\node_modules\.pnpm\koa-compose@4.1.0\node_modules\koa-compose\index.js:42:32)
    at E:\Study\mini-program\BeepoWang\node_modules\.pnpm\koa-compose@4.1.0\node_modules\koa-compose\index.js:34:12
    at dispatch (E:\Study\mini-program\BeepoWang\node_modules\.pnpm\koa-compose@4.1.0\node_modules\koa-compose\index.js:42:32)
    at catchError (E:\Study\mini-program\BeepoWang\back-end-service\src\middleware\response.ts:111:11) {
  errorCode: 10002,
  code: 401,
  data: null,
  isBuffer: false,
  responseType: undefined
}
[2023-04-25T10:32:08.886] [ERROR] logs - GET 401 /api/v1/login?name=ssdf&pwd=sdfsfs AuthFailed [Error]: 未登录
    at E:\Study\mini-program\BeepoWang\back-end-service\src\routers\v1\common.ts:14:11
    at dispatch (E:\Study\mini-program\BeepoWang\node_modules\.pnpm\koa-compose@4.1.0\node_modules\koa-compose\index.js:42:32)
    at E:\Study\mini-program\BeepoWang\node_modules\.pnpm\koa-router@12.0.0\node_modules\koa-router\lib\router.js:425:16
    at dispatch (E:\Study\mini-program\BeepoWang\node_modules\.pnpm\koa-compose@4.1.0\node_modules\koa-compose\index.js:42:32)
    at E:\Study\mini-program\BeepoWang\node_modules\.pnpm\koa-compose@4.1.0\node_modules\koa-compose\index.js:34:12
    at dispatch (E:\Study\mini-program\BeepoWang\node_modules\.pnpm\koa-router@12.0.0\node_modules\koa-router\lib\router.js:430:31)
    at dispatch (E:\Study\mini-program\BeepoWang\node_modules\.pnpm\koa-compose@4.1.0\node_modules\koa-compose\index.js:42:32)
    at E:\Study\mini-program\BeepoWang\node_modules\.pnpm\koa-compose@4.1.0\node_modules\koa-compose\index.js:34:12
    at dispatch (E:\Study\mini-program\BeepoWang\node_modules\.pnpm\koa-compose@4.1.0\node_modules\koa-compose\index.js:42:32)
    at catchError (E:\Study\mini-program\BeepoWang\back-end-service\src\middleware\response.ts:111:11) {
  errorCode: 10002,
  code: 401,
  data: null,
  isBuffer: false,
  responseType: undefined
}
[2023-04-25T14:42:50.345] [ERROR] logs - GET 401 /api/v1/login?name=ssdf&pwd=sdfsfs AuthFailed [Error]: 未登录
    at E:\Study\mini-program\BeepoWang\back-end-service\src\routers\v1\common.ts:14:11
    at dispatch (E:\Study\mini-program\BeepoWang\node_modules\.pnpm\koa-compose@4.1.0\node_modules\koa-compose\index.js:42:32)
    at E:\Study\mini-program\BeepoWang\node_modules\.pnpm\koa-router@12.0.0\node_modules\koa-router\lib\router.js:425:16
    at dispatch (E:\Study\mini-program\BeepoWang\node_modules\.pnpm\koa-compose@4.1.0\node_modules\koa-compose\index.js:42:32)
    at E:\Study\mini-program\BeepoWang\node_modules\.pnpm\koa-compose@4.1.0\node_modules\koa-compose\index.js:34:12
    at dispatch (E:\Study\mini-program\BeepoWang\node_modules\.pnpm\koa-router@12.0.0\node_modules\koa-router\lib\router.js:430:31)
    at dispatch (E:\Study\mini-program\BeepoWang\node_modules\.pnpm\koa-compose@4.1.0\node_modules\koa-compose\index.js:42:32)
    at E:\Study\mini-program\BeepoWang\node_modules\.pnpm\koa-compose@4.1.0\node_modules\koa-compose\index.js:34:12
    at dispatch (E:\Study\mini-program\BeepoWang\node_modules\.pnpm\koa-compose@4.1.0\node_modules\koa-compose\index.js:42:32)
    at catchError (E:\Study\mini-program\BeepoWang\back-end-service\src\middleware\response.ts:111:11) {
  errorCode: 10002,
  code: 401,
  data: null,
  isBuffer: false,
  responseType: undefined
}
[2023-04-25T14:43:38.290] [ERROR] logs - GET 401 /api/v1/common/login?name=ssdf&pwd=sdfsfs AuthFailed [Error]: 未登录
    at E:\Study\mini-program\BeepoWang\back-end-service\src\routers\v1\common.ts:14:11
    at dispatch (E:\Study\mini-program\BeepoWang\node_modules\.pnpm\koa-compose@4.1.0\node_modules\koa-compose\index.js:42:32)
    at E:\Study\mini-program\BeepoWang\node_modules\.pnpm\koa-router@12.0.0\node_modules\koa-router\lib\router.js:425:16
    at dispatch (E:\Study\mini-program\BeepoWang\node_modules\.pnpm\koa-compose@4.1.0\node_modules\koa-compose\index.js:42:32)
    at E:\Study\mini-program\BeepoWang\node_modules\.pnpm\koa-compose@4.1.0\node_modules\koa-compose\index.js:34:12
    at dispatch (E:\Study\mini-program\BeepoWang\node_modules\.pnpm\koa-router@12.0.0\node_modules\koa-router\lib\router.js:430:31)
    at dispatch (E:\Study\mini-program\BeepoWang\node_modules\.pnpm\koa-compose@4.1.0\node_modules\koa-compose\index.js:42:32)
    at E:\Study\mini-program\BeepoWang\node_modules\.pnpm\koa-compose@4.1.0\node_modules\koa-compose\index.js:34:12
    at dispatch (E:\Study\mini-program\BeepoWang\node_modules\.pnpm\koa-compose@4.1.0\node_modules\koa-compose\index.js:42:32)
    at catchError (E:\Study\mini-program\BeepoWang\back-end-service\src\middleware\response.ts:111:11) {
  errorCode: 10002,
  code: 401,
  data: null,
  isBuffer: false,
  responseType: undefined
}
[2023-04-25T14:59:03.788] [INFO] logs - GET {
  status: 200,
  message: 'OK',
  header: [Object: null prototype] {
    'content-type': 'application/json; charset=utf-8'
  },
  body: { msg: 'success', errorCode: 0, data: 'text' }
} /api/v1/common/login?name=ssdf&pwd=sdfsfs
[2023-04-25T15:02:08.552] [INFO] logs - GET {
  status: 200,
  message: 'OK',
  header: [Object: null prototype] {
    'content-type': 'application/json; charset=utf-8'
  },
  body: { msg: 'success', errorCode: 0, data: [] }
} /api/v1/user/all?name=ssdf&pwd=sdfsfs
[2023-04-25T15:02:43.700] [INFO] logs - GET {
  status: 200,
  message: 'OK',
  header: [Object: null prototype] {
    'content-type': 'application/json; charset=utf-8'
  },
  body: { msg: 'success', errorCode: 0, data: [] }
} /api/v1/user/all?name=ssdf&pwd=sdfsfs
